2026-03-27 18:31:47.523 +05:30 [INF] User profile is available. Using 'C:\Users\Dell\AppData\Local\ASP.NET\DataProtection-Keys' as key repository and Windows DPAPI to encrypt keys at rest.
2026-03-27 18:31:47.712 +05:30 [INF] Now listening on: http://localhost:5248
2026-03-27 18:31:47.716 +05:30 [INF] Application started. Press Ctrl+C to shut down.
2026-03-27 18:31:47.718 +05:30 [INF] Hosting environment: Development
2026-03-27 18:31:47.719 +05:30 [INF] Content root path: C:\Users\Dell\Documents\dotnet-learning-progress\StudentAPI
2026-03-27 19:20:58.516 +05:30 [INF] Application is shutting down...
2026-03-27 20:02:09.306 +05:30 [INF] User profile is available. Using 'C:\Users\Dell\AppData\Local\ASP.NET\DataProtection-Keys' as key repository and Windows DPAPI to encrypt keys at rest.
2026-03-27 20:02:10.443 +05:30 [INF] Now listening on: http://localhost:5248
2026-03-27 20:02:10.450 +05:30 [INF] Application started. Press Ctrl+C to shut down.
2026-03-27 20:02:10.452 +05:30 [INF] Hosting environment: Development
2026-03-27 20:02:10.454 +05:30 [INF] Content root path: C:\Users\Dell\Documents\dotnet-learning-progress\StudentAPI
2026-03-27 20:02:17.229 +05:30 [INF] Request starting HTTP/1.1 GET http://localhost:5248/ - null null
2026-03-27 20:02:17.398 +05:30 [INF] Request finished HTTP/1.1 GET http://localhost:5248/ - 301 0 null 172.7752ms
2026-03-27 20:02:17.415 +05:30 [INF] Request starting HTTP/1.1 GET http://localhost:5248/index.html - null null
2026-03-27 20:02:17.540 +05:30 [INF] Request finished HTTP/1.1 GET http://localhost:5248/index.html - 200 null text/html;charset=utf-8 124.339ms
2026-03-27 20:02:18.438 +05:30 [INF] Request starting HTTP/1.1 GET http://localhost:5248/swagger-ui-bundle.js - null null
2026-03-27 20:02:18.438 +05:30 [INF] Request starting HTTP/1.1 GET http://localhost:5248/swagger-ui.css - null null
2026-03-27 20:02:18.441 +05:30 [INF] Request starting HTTP/1.1 GET http://localhost:5248/swagger-ui-standalone-preset.js - null null
2026-03-27 20:02:18.486 +05:30 [INF] Sending file. Request path: '/swagger-ui.css'. Physical path: 'N/A'
2026-03-27 20:02:18.501 +05:30 [INF] Sending file. Request path: '/swagger-ui-bundle.js'. Physical path: 'N/A'
2026-03-27 20:02:18.585 +05:30 [INF] Sending file. Request path: '/swagger-ui-standalone-preset.js'. Physical path: 'N/A'
2026-03-27 20:02:18.607 +05:30 [INF] Request finished HTTP/1.1 GET http://localhost:5248/swagger-ui.css - 200 152034 text/css 168.5716ms
2026-03-27 20:02:18.610 +05:30 [INF] Request finished HTTP/1.1 GET http://localhost:5248/swagger-ui-bundle.js - 200 1456682 text/javascript 172.2634ms
2026-03-27 20:02:18.613 +05:30 [INF] Request finished HTTP/1.1 GET http://localhost:5248/swagger-ui-standalone-preset.js - 200 230280 text/javascript 172.2377ms
2026-03-27 20:02:19.730 +05:30 [INF] Request starting HTTP/1.1 GET http://localhost:5248/swagger/v1/swagger.json - null null
2026-03-27 20:02:19.786 +05:30 [INF] Request starting HTTP/1.1 GET http://localhost:5248/favicon-32x32.png - null null
2026-03-27 20:02:19.803 +05:30 [INF] Sending file. Request path: '/favicon-32x32.png'. Physical path: 'N/A'
2026-03-27 20:02:19.819 +05:30 [INF] Request finished HTTP/1.1 GET http://localhost:5248/favicon-32x32.png - 200 628 image/png 32.545ms
2026-03-27 20:02:19.979 +05:30 [INF] Request finished HTTP/1.1 GET http://localhost:5248/swagger/v1/swagger.json - 200 null application/json;charset=utf-8 249.1993ms
2026-03-27 20:03:01.252 +05:30 [INF] Request starting HTTP/1.1 GET http://localhost:5248/index.html - null null
2026-03-27 20:03:01.257 +05:30 [INF] Request finished HTTP/1.1 GET http://localhost:5248/index.html - 200 null text/html;charset=utf-8 4.9258ms
2026-03-27 20:03:01.488 +05:30 [INF] Request starting HTTP/1.1 GET http://localhost:5248/swagger/v1/swagger.json - null null
2026-03-27 20:03:01.532 +05:30 [INF] Request finished HTTP/1.1 GET http://localhost:5248/swagger/v1/swagger.json - 200 null application/json;charset=utf-8 40.312ms
2026-03-27 20:46:32.859 +05:30 [INF] Application is shutting down...
2026-03-27 20:46:50.651 +05:30 [INF] User profile is available. Using 'C:\Users\Dell\AppData\Local\ASP.NET\DataProtection-Keys' as key repository and Windows DPAPI to encrypt keys at rest.
2026-03-27 20:46:52.525 +05:30 [INF] Now listening on: http://localhost:5248
2026-03-27 20:46:52.540 +05:30 [INF] Application started. Press Ctrl+C to shut down.
2026-03-27 20:46:52.541 +05:30 [INF] Hosting environment: Development
2026-03-27 20:46:52.542 +05:30 [INF] Content root path: C:\Users\Dell\Documents\dotnet-learning-progress\StudentAPI
2026-03-27 20:47:08.901 +05:30 [INF] Request starting HTTP/1.1 GET http://localhost:5248/index.html - null null
2026-03-27 20:47:09.053 +05:30 [INF] Request finished HTTP/1.1 GET http://localhost:5248/index.html - 200 null text/html;charset=utf-8 154.6177ms
2026-03-27 20:47:09.616 +05:30 [INF] Request starting HTTP/1.1 GET http://localhost:5248/swagger/v1/swagger.json - null null
2026-03-27 20:47:09.846 +05:30 [INF] Request finished HTTP/1.1 GET http://localhost:5248/swagger/v1/swagger.json - 200 null application/json;charset=utf-8 228.9876ms
2026-03-27 20:47:47.958 +05:30 [INF] Request starting HTTP/1.1 POST http://localhost:5248/api/auth/login - application/json 54
2026-03-27 20:47:47.983 +05:30 [WRN] Failed to determine the https port for redirect.
2026-03-27 20:47:48.386 +05:30 [INF] Executing endpoint 'StudentAPI.Controllers.AuthController.Login (StudentAPI)'
2026-03-27 20:47:48.431 +05:30 [INF] Route matched with {action = "Login", controller = "Auth"}. Executing controller action with signature Microsoft.AspNetCore.Mvc.IActionResult Login(StudentAPI.Models.LoginRequest) on controller StudentAPI.Controllers.AuthController (StudentAPI).
2026-03-27 20:47:48.549 +05:30 [INF] Executing OkObjectResult, writing value of type '<>f__AnonymousType0`1[[System.String, System.Private.CoreLib, Version=8.0.0.0, Culture=neutral, PublicKeyToken=7cec85d7bea7798e]]'.
2026-03-27 20:47:48.561 +05:30 [INF] Executed action StudentAPI.Controllers.AuthController.Login (StudentAPI) in 122.937ms
2026-03-27 20:47:48.564 +05:30 [INF] Executed endpoint 'StudentAPI.Controllers.AuthController.Login (StudentAPI)'
2026-03-27 20:47:48.566 +05:30 [INF] Request finished HTTP/1.1 POST http://localhost:5248/api/auth/login - 200 null application/json; charset=utf-8 607.5819ms
2026-03-27 20:49:17.653 +05:30 [INF] Application is shutting down...
2026-03-27 20:49:33.342 +05:30 [INF] User profile is available. Using 'C:\Users\Dell\AppData\Local\ASP.NET\DataProtection-Keys' as key repository and Windows DPAPI to encrypt keys at rest.
2026-03-27 20:49:33.570 +05:30 [INF] Now listening on: http://localhost:5248
2026-03-27 20:49:33.581 +05:30 [INF] Application started. Press Ctrl+C to shut down.
2026-03-27 20:49:33.585 +05:30 [INF] Hosting environment: Development
2026-03-27 20:49:33.607 +05:30 [INF] Content root path: C:\Users\Dell\Documents\dotnet-learning-progress\StudentAPI
2026-03-27 20:49:54.329 +05:30 [INF] Request starting HTTP/1.1 GET http://localhost:5248/index.html - null null
2026-03-27 20:49:54.539 +05:30 [INF] Request finished HTTP/1.1 GET http://localhost:5248/index.html - 200 null text/html;charset=utf-8 211.9623ms
2026-03-27 20:49:54.735 +05:30 [INF] Request starting HTTP/1.1 GET http://localhost:5248/swagger/v1/swagger.json - null null
2026-03-27 20:49:54.996 +05:30 [INF] Request finished HTTP/1.1 GET http://localhost:5248/swagger/v1/swagger.json - 200 null application/json;charset=utf-8 260.8855ms
2026-03-27 20:50:14.631 +05:30 [INF] Request starting HTTP/1.1 GET http://localhost:5248/api/Students - null null
2026-03-27 20:50:14.652 +05:30 [WRN] Failed to determine the https port for redirect.
2026-03-27 20:50:14.697 +05:30 [INF] Authorization failed. These requirements were not met:
DenyAnonymousAuthorizationRequirement: Requires an authenticated user.
2026-03-27 20:50:14.704 +05:30 [INF] AuthenticationScheme: Bearer was challenged.
2026-03-27 20:50:14.710 +05:30 [INF] Request finished HTTP/1.1 GET http://localhost:5248/api/Students - 401 0 null 74.2383ms
2026-03-27 20:54:23.405 +05:30 [INF] Request starting HTTP/1.1 POST http://localhost:5248/api/auth/login - application/json 54
2026-03-27 20:54:23.426 +05:30 [INF] Executing endpoint 'StudentAPI.Controllers.AuthController.Login (StudentAPI)'
2026-03-27 20:54:23.454 +05:30 [INF] Route matched with {action = "Login", controller = "Auth"}. Executing controller action with signature Microsoft.AspNetCore.Mvc.IActionResult Login(StudentAPI.Models.LoginRequest) on controller StudentAPI.Controllers.AuthController (StudentAPI).
2026-03-27 20:54:23.564 +05:30 [INF] Executing OkObjectResult, writing value of type '<>f__AnonymousType0`1[[System.String, System.Private.CoreLib, Version=8.0.0.0, Culture=neutral, PublicKeyToken=7cec85d7bea7798e]]'.
2026-03-27 20:54:23.578 +05:30 [INF] Executed action StudentAPI.Controllers.AuthController.Login (StudentAPI) in 112.9573ms
2026-03-27 20:54:23.582 +05:30 [INF] Executed endpoint 'StudentAPI.Controllers.AuthController.Login (StudentAPI)'
2026-03-27 20:54:23.585 +05:30 [INF] Request finished HTTP/1.1 POST http://localhost:5248/api/auth/login - 200 null application/json; charset=utf-8 179.5098ms
2026-03-27 20:55:34.599 +05:30 [INF] Request starting HTTP/1.1 GET http://localhost:5248/api/Students - null null
2026-03-27 20:55:34.692 +05:30 [INF] Executing endpoint 'StudentAPI.Controllers.StudentsController.GetAll (StudentAPI)'
2026-03-27 20:55:34.704 +05:30 [INF] Route matched with {action = "GetAll", controller = "Students"}. Executing controller action with signature System.Threading.Tasks.Task`1[Microsoft.AspNetCore.Mvc.ActionResult`1[System.Collections.Generic.List`1[StudentAPI.Models.Student]]] GetAll(System.Threading.CancellationToken) on controller StudentAPI.Controllers.StudentsController (StudentAPI).
2026-03-27 20:55:39.370 +05:30 [INF] Executed DbCommand (2,100ms) [Parameters=[], CommandType='"Text"', CommandTimeout='30']
SELECT [s].[Id], [s].[Age], [s].[Grade], [s].[Name]
FROM [Students] AS [s]
2026-03-27 20:55:39.486 +05:30 [INF] Executing OkObjectResult, writing value of type 'System.Collections.Generic.List`1[[StudentAPI.Models.Student, StudentAPI, Version=1.0.0.0, Culture=neutral, PublicKeyToken=null]]'.
2026-03-27 20:55:39.507 +05:30 [INF] Executed action StudentAPI.Controllers.StudentsController.GetAll (StudentAPI) in 4798.5189ms
2026-03-27 20:55:39.513 +05:30 [INF] Executed endpoint 'StudentAPI.Controllers.StudentsController.GetAll (StudentAPI)'
2026-03-27 20:55:39.533 +05:30 [INF] Request finished HTTP/1.1 GET http://localhost:5248/api/Students - 200 null application/json; charset=utf-8 4933.8674ms
2026-03-27 20:57:04.517 +05:30 [INF] Application is shutting down...
